Examples: 426
Device: cuda
Device preference: cuda,npu,xpu,dml,mps,cpu
Torch threads: intra=128 interop=8
Label mode: kmeans_10
Feature mode: context_v2
Feature storage dtype: float32
Label distribution: 0:13, 1:67, 2:11, 3:60, 4:72, 5:34, 6:19, 7:87, 8:43, 9:20
Train/val split: 376/50
Validation labels: 0:2, 1:8, 2:1, 3:7, 4:9, 5:4, 6:2, 7:10, 8:5, 9:2
Model size: ultra_expert
Expansion dim: 512
Checkpoint model size: ultra_expert
Grad accumulation steps: 1
Balanced sampler: True
Preference loss: weight=0.18 beta=2.2
Preference config: objective=sigmoid group_size=4 group_estimator=epo margin=0.2
Hard negative ratio: 0.65
Preference warmup epochs: 1.0
Label smoothing: 0.04
Adaptive pref weighting: True
Split mode: stratified
LR schedule: cosine
Warmup steps: 20/18
EMA: enabled=True decay=0.999000 eval=True
Early stop: patience=2 min_delta=0.0001
Trainable params: 3685408/4540612
In-epoch logging: every 2 optimizer steps
Epoch checkpoints: /workspace/supermix_runpod_budget/persistent/artifacts/champion_v30_lite_student_20260326/checkpoints
[epoch 01] step 2/3 (global 2/18) batch 2/3 loss=3.4777 ce=3.4381 pref=0.4329 aux=0.0000 pref_w=0.0900 acc=0.0781 lr=1.41176e-05 elapsed=0s eta=0s
[epoch 01] step 3/3 (global 3/18) batch 3/3 loss=3.4352 ce=3.3848 pref=0.4248 aux=0.0000 pref_w=0.1187 acc=0.0851 lr=1.88235e-05 elapsed=0s eta=0s
Epoch 01 | train_loss=3.4352 (ce=3.3848, pref=0.4248, pref_w=0.1187) train_acc=0.0851 val_loss=3.1109 val_acc=0.1000 lr=1.88235e-05
Saved epoch checkpoint: /workspace/supermix_runpod_budget/persistent/artifacts/champion_v30_lite_student_20260326/checkpoints/champion_model_chat_v30_lite_student.epoch01.pth
[epoch 02] step 2/3 (global 5/18) batch 2/3 loss=3.1244 ce=3.0610 pref=0.3524 aux=0.0000 pref_w=0.1800 acc=0.1484 lr=2.82353e-05 elapsed=0s eta=0s
[epoch 02] step 3/3 (global 6/18) batch 3/3 loss=3.1691 ce=3.1040 pref=0.3621 aux=0.0000 pref_w=0.1800 acc=0.1330 lr=3.29412e-05 elapsed=0s eta=0s
Epoch 02 | train_loss=3.1691 (ce=3.1040, pref=0.3621, pref_w=0.1800) train_acc=0.1330 val_loss=3.1108 val_acc=0.1000 lr=3.29412e-05
Saved epoch checkpoint: /workspace/supermix_runpod_budget/persistent/artifacts/champion_v30_lite_student_20260326/checkpoints/champion_model_chat_v30_lite_student.epoch02.pth
[epoch 03] step 2/3 (global 8/18) batch 2/3 loss=3.4192 ce=3.3415 pref=0.4314 aux=0.0000 pref_w=0.1800 acc=0.1172 lr=4.23529e-05 elapsed=0s eta=0s
[epoch 03] step 3/3 (global 9/18) batch 3/3 loss=3.4245 ce=3.3487 pref=0.4210 aux=0.0000 pref_w=0.1800 acc=0.1090 lr=4.70588e-05 elapsed=0s eta=0s
Epoch 03 | train_loss=3.4245 (ce=3.3487, pref=0.4210, pref_w=0.1800) train_acc=0.1090 val_loss=3.1108 val_acc=0.1000 lr=4.70588e-05
Saved epoch checkpoint: /workspace/supermix_runpod_budget/persistent/artifacts/champion_v30_lite_student_20260326/checkpoints/champion_model_chat_v30_lite_student.epoch03.pth
[epoch 04] step 2/3 (global 11/18) batch 2/3 loss=3.2043 ce=3.1315 pref=0.4042 aux=0.0000 pref_w=0.1800 acc=0.1133 lr=5.64706e-05 elapsed=0s eta=0s
[epoch 04] step 3/3 (global 12/18) batch 3/3 loss=3.2307 ce=3.1598 pref=0.3942 aux=0.0000 pref_w=0.1800 acc=0.1064 lr=6.11765e-05 elapsed=0s eta=0s
Epoch 04 | train_loss=3.2307 (ce=3.1598, pref=0.3942, pref_w=0.1800) train_acc=0.1064 val_loss=3.1106 val_acc=0.1000 lr=6.11765e-05
Saved epoch checkpoint: /workspace/supermix_runpod_budget/persistent/artifacts/champion_v30_lite_student_20260326/checkpoints/champion_model_chat_v30_lite_student.epoch04.pth
[epoch 05] step 2/3 (global 14/18) batch 2/3 loss=3.1339 ce=3.0711 pref=0.3490 aux=0.0000 pref_w=0.1800 acc=0.1211 lr=7.05882e-05 elapsed=0s eta=0s
[epoch 05] step 3/3 (global 15/18) batch 3/3 loss=3.2098 ce=3.1424 pref=0.3744 aux=0.0000 pref_w=0.1800 acc=0.1223 lr=7.52941e-05 elapsed=0s eta=0s
Epoch 05 | train_loss=3.2098 (ce=3.1424, pref=0.3744, pref_w=0.1800) train_acc=0.1223 val_loss=3.1104 val_acc=0.1000 lr=7.52941e-05
Saved epoch checkpoint: /workspace/supermix_runpod_budget/persistent/artifacts/champion_v30_lite_student_20260326/checkpoints/champion_model_chat_v30_lite_student.epoch05.pth
[epoch 06] step 2/3 (global 17/18) batch 2/3 loss=3.2069 ce=3.1343 pref=0.4035 aux=0.0000 pref_w=0.1800 acc=0.1406 lr=8e-05 elapsed=0s eta=0s
[epoch 06] step 3/3 (global 18/18) batch 3/3 loss=3.2733 ce=3.1986 pref=0.4148 aux=0.0000 pref_w=0.1800 acc=0.1250 lr=0 elapsed=0s eta=0s
Epoch 06 | train_loss=3.2733 (ce=3.1986, pref=0.4148, pref_w=0.1800) train_acc=0.1250 val_loss=3.1103 val_acc=0.1000 lr=0
Saved epoch checkpoint: /workspace/supermix_runpod_budget/persistent/artifacts/champion_v30_lite_student_20260326/checkpoints/champion_model_chat_v30_lite_student.epoch06.pth
Saved fine-tuned weights: /workspace/supermix_runpod_budget/persistent/artifacts/champion_v30_lite_student_20260326/champion_model_chat_v30_lite_student.pth
Saved chat metadata: /workspace/supermix_runpod_budget/persistent/artifacts/champion_v30_lite_student_20260326/chat_model_meta_v30_lite_student.json
